current directory: /home/isucon/torb/webapp/ruby/.bundle/ruby/2.5.0/gems/mysql2-0.5.2/ext/mysql2
/home/isucon/local/ruby/bin/ruby -r ./siteconf20180913-5336-13q6n1r.rb extconf.rb
checking for rb_absint_size()... yes
checking for rb_absint_singlebit_p()... yes
checking for rb_wait_for_single_fd()... yes
-----
Using mysql_config at /bin/mysql_config
-----
checking for mysql.h... yes
checking for errmsg.h... yes
checking for SSL_MODE_DISABLED in mysql.h... no
checking for MYSQL_OPT_SSL_ENFORCE in mysql.h... no
checking for MYSQL.net.vio in mysql.h... yes
checking for MYSQL.net.pvio in mysql.h... no
checking for MYSQL_ENABLE_CLEARTEXT_PLUGIN in mysql.h... yes
checking for SERVER_QUERY_NO_GOOD_INDEX_USED in mysql.h... yes
checking for SERVER_QUERY_NO_INDEX_USED in mysql.h... yes
checking for SERVER_QUERY_WAS_SLOW in mysql.h... yes
checking for MYSQL_OPTION_MULTI_STATEMENTS_ON in mysql.h... yes
checking for MYSQL_OPTION_MULTI_STATEMENTS_OFF in mysql.h... yes
checking for my_bool in mysql.h... yes
-----
Setting libpath to /usr/lib64/mysql
-----
creating Makefile

current directory: /home/isucon/torb/webapp/ruby/.bundle/ruby/2.5.0/gems/mysql2-0.5.2/ext/mysql2
make "DESTDIR=" clean

current directory: /home/isucon/torb/webapp/ruby/.bundle/ruby/2.5.0/gems/mysql2-0.5.2/ext/mysql2
make "DESTDIR="
compiling client.c
compiling infile.c
compiling mysql2_ext.c
compiling result.c
compiling statement.c
linking shared-object mysql2/mysql2.so

current directory: /home/isucon/torb/webapp/ruby/.bundle/ruby/2.5.0/gems/mysql2-0.5.2/ext/mysql2
make "DESTDIR=" install
/bin/install -c -m 0755 mysql2.so ./.gem.20180913-5336-yyxol3/mysql2
